<?xml version="1.0" encoding="UTF-8"?>
<!-- Generated by org.testng.reporters.JUnitReportReporter -->
<testsuite hostname="DESKTOP-7GCNJAG" failures="0" tests="4" name="com.SAB.Tests.LoginPageTest" time="14.051" errors="0" timestamp="2021-08-22T21:36:55 IST" skipped="0">
  <testcase classname="com.SAB.Tests.LoginPageTest" name="sendUserName" time="3.424"/>
  <system-out/>
  <testcase classname="com.SAB.Tests.LoginPageTest" name="sendUserName" time="3.397"/>
  <system-out/>
  <testcase classname="com.SAB.Tests.LoginPageTest" name="sendUserName" time="3.426"/>
  <system-out/>
  <testcase classname="com.SAB.Tests.LoginPageTest" name="sendUserName" time="3.804"/>
  <system-out/>
</testsuite> <!-- com.SAB.Tests.LoginPageTest -->
